2025-02-18T20:57:51.929Z [INFO]: Script execution started
2025-02-18T20:57:54.850Z [INFO]: Page loaded successfully
2025-02-18T20:57:59.853Z [INFO]: Form submission...
2025-02-18T20:58:01.649Z [INFO]: Form fields filled
2025-02-18T20:58:01.658Z [INFO]: Form submitted
2025-02-18T20:58:01.739Z [INFO]: Tracking result updated
2025-02-18T20:58:04.740Z [INFO]: Retrieving data...
2025-02-18T20:58:04.742Z [WARN]: No valid tracking info retrieved.
2025-02-18T20:58:04.952Z [INFO]: Script execution finished
2025-02-18T21:01:35.900Z [INFO]: Script execution started
2025-02-18T21:01:38.838Z [INFO]: Page loaded successfully
2025-02-18T21:01:43.840Z [INFO]: Form submission...
2025-02-18T21:01:45.648Z [INFO]: Form fields filled
2025-02-18T21:01:45.657Z [INFO]: Form submitted
2025-02-18T21:01:45.763Z [INFO]: Tracking result updated
2025-02-18T21:01:48.764Z [INFO]: Retrieving data...
2025-02-18T21:01:48.766Z [INFO]: No new tracking updates
2025-02-18T21:01:48.979Z [INFO]: Script execution finished
2025-02-18T21:02:10.447Z [INFO]: Script execution started
2025-02-18T21:02:12.582Z [INFO]: Page loaded successfully
2025-02-18T21:02:17.584Z [INFO]: Form submission...
2025-02-18T21:02:19.382Z [INFO]: Form fields filled
2025-02-18T21:02:19.391Z [INFO]: Form submitted
2025-02-18T21:02:19.479Z [INFO]: Tracking result updated
2025-02-18T21:02:22.479Z [INFO]: Retrieving data...
2025-02-18T21:02:22.482Z [INFO]: New tracking info: Suivi SAV Orange
Accueil
Dossier n° 11-000052815
Statut en cours

En-cours de traitement

27-01-2025

Historique

Votre demande de prise en charge est enregistrée. Vous allez recevoir un bon de transport.

22-01-2025

Votre produit a été réceptionné chez le réparateur.

27-01-2025

En-cours de traitement

27-01-2025

Groupe Orange
Haut de page
2025-02-18T21:02:22.833Z [INFO]: Script execution finished
2025-02-18T21:06:24.151Z [INFO]: Script execution started
2025-02-18T21:06:27.061Z [INFO]: Page loaded successfully
2025-02-18T21:06:32.062Z [INFO]: Form submission...
2025-02-18T21:06:33.859Z [INFO]: Form fields filled
2025-02-18T21:06:33.868Z [INFO]: Form submitted
2025-02-18T21:06:33.976Z [INFO]: Tracking result updated
2025-02-18T21:06:36.978Z [INFO]: Retrieving data...
2025-02-18T21:06:36.980Z [INFO]: New tracking info: Suivi SAV Orange
Accueil
Dossier n° 11-000052815
Statut en cours

En-cours de traitement

27-01-2025

Historique

Votre demande de prise en charge est enregistrée. Vous allez recevoir un bon de transport.

22-01-2025

Votre produit a été réceptionné chez le réparateur.

27-01-2025

En-cours de traitement

27-01-2025

Groupe Orange
Haut de page
2025-02-18T21:06:37.271Z [INFO]: Script execution finished
2025-02-18T21:12:23.303Z [INFO]: Script execution started
2025-02-18T21:12:26.720Z [INFO]: Script execution started
2025-02-18T21:12:29.880Z [INFO]: Page loaded successfully
2025-02-18T21:12:34.882Z [INFO]: Form submission...
2025-02-18T21:12:36.681Z [INFO]: Form fields filled
2025-02-18T21:12:36.690Z [INFO]: Form submitted
2025-02-18T21:12:36.799Z [INFO]: Tracking result updated
2025-02-18T21:12:39.801Z [INFO]: Retrieving data...
2025-02-18T21:12:39.804Z [INFO]: New tracking info: Suivi SAV Orange
Accueil
Dossier n° 11-000052815
Statut en cours

En-cours de traitement

27-01-2025

Historique

Votre demande de prise en charge est enregistrée. Vous allez recevoir un bon de transport.

22-01-2025

Votre produit a été réceptionné chez le réparateur.

27-01-2025

En-cours de traitement

27-01-2025

Groupe Orange
Haut de page
2025-02-18T21:12:40.084Z [INFO]: Script execution finished
2025-02-18T21:12:40.682Z [INFO]: Notification sent: {"status":1,"request":"9efdc4c4-ecd4-4b9c-9b41-c019a63b928e"}
2025-02-19T06:44:55.567Z [INFO]: Script execution started
2025-02-19T06:44:58.961Z [INFO]: Page loaded successfully
2025-02-19T06:45:03.961Z [INFO]: Form submission...
2025-02-19T06:45:05.772Z [INFO]: Form fields filled
2025-02-19T06:45:05.783Z [INFO]: Form submitted
2025-02-19T06:45:05.936Z [INFO]: Tracking result updated
2025-02-19T06:45:08.937Z [INFO]: Retrieving data...
2025-02-19T06:45:08.941Z [INFO]: No new tracking updates
2025-02-19T06:45:09.164Z [INFO]: Script execution finished
2025-02-19T07:07:54.591Z [INFO]: Script execution started
2025-02-19T07:07:57.965Z [INFO]: Page loaded successfully
2025-02-19T07:08:02.967Z [INFO]: Form submission...
2025-02-19T07:08:04.780Z [INFO]: Form fields filled
2025-02-19T07:08:04.791Z [INFO]: Form submitted
2025-02-19T07:08:04.898Z [INFO]: Tracking result updated
2025-02-19T07:08:07.899Z [INFO]: Retrieving data...
2025-02-19T07:08:07.903Z [INFO]: No new tracking updates
2025-02-19T07:08:08.120Z [INFO]: Script execution finished
2025-02-20T15:12:14.097Z [INFO]: Script execution started
2025-02-20T15:12:16.481Z [INFO]: Page loaded successfully
2025-02-20T15:12:21.482Z [INFO]: Form submission...
2025-02-20T15:12:23.279Z [INFO]: Form fields filled
2025-02-20T15:12:23.288Z [INFO]: Form submitted
2025-02-20T15:12:23.439Z [INFO]: Tracking result updated
2025-02-20T15:12:26.441Z [INFO]: Retrieving data...
2025-02-20T15:12:26.444Z [INFO]: No new tracking updates
2025-02-20T15:12:26.671Z [INFO]: Script execution finished
